2015-12-14 00:48:42,651 INFO  [Log] Sign On link is found on the Home Page 
2015-12-14 00:48:43,724 INFO  [Log] UserName text box is found on the Home Page 
2015-12-14 00:48:43,828 INFO  [Log] Password text box is found on the Home Page 
2015-12-14 00:48:43,888 INFO  [Log] Sign In button is found on the Home Page 
2015-12-14 00:48:46,272 INFO  [Log] XXXXXXXXXXXXXXXXXXXXXXX             -E---N---D-             XXXXXXXXXXXXXXXXXXXXXX 
2015-12-14 00:48:46,272 INFO  [Log] X 
2015-12-14 00:48:46,272 INFO  [Log] X 
2015-12-14 00:48:46,272 INFO  [Log] X 
2015-12-14 00:48:46,272 INFO  [Log] X 
2015-12-14 00:49:04,256 INFO  [Log] Sign On link is found on the Home Page 
2015-12-14 00:49:06,901 INFO  [Log] UserName text box is found on the Home Page 
2015-12-14 00:49:06,976 INFO  [Log] Password text box is found on the Home Page 
2015-12-14 00:49:07,042 INFO  [Log] Sign In button is found on the Home Page 
2015-12-14 00:49:08,853 INFO  [Log] XXXXXXXXXXXXXXXXXXXXXXX             -E---N---D-             XXXXXXXXXXXXXXXXXXXXXX 
2015-12-14 00:49:08,853 INFO  [Log] X 
2015-12-14 00:49:08,853 INFO  [Log] X 
2015-12-14 00:49:08,853 INFO  [Log] X 
2015-12-14 00:49:08,853 INFO  [Log] X 
2015-12-14 00:52:20,467 INFO  [Log] Sign On link is found on the Home Page 
2015-12-14 00:52:21,765 INFO  [Log] UserName text box is found on the Home Page 
2015-12-14 00:52:21,848 INFO  [Log] Password text box is found on the Home Page 
2015-12-14 00:52:21,954 INFO  [Log] Sign In button is found on the Home Page 
2015-12-14 00:52:23,741 INFO  [Log] XXXXXXXXXXXXXXXXXXXXXXX             -E---N---D-             XXXXXXXXXXXXXXXXXXXXXX 
2015-12-14 00:52:23,741 INFO  [Log] X 
2015-12-14 00:52:23,741 INFO  [Log] X 
2015-12-14 00:52:23,741 INFO  [Log] X 
2015-12-14 00:52:23,741 INFO  [Log] X 
2015-12-14 00:52:42,440 INFO  [Log] Sign On link is found on the Home Page 
2015-12-14 00:52:43,180 INFO  [Log] UserName text box is found on the Home Page 
2015-12-14 00:52:43,242 INFO  [Log] Password text box is found on the Home Page 
2015-12-14 00:52:43,307 INFO  [Log] Sign In button is found on the Home Page 
2015-12-14 00:52:45,047 INFO  [Log] XXXXXXXXXXXXXXXXXXXXXXX             -E---N---D-             XXXXXXXXXXXXXXXXXXXXXX 
2015-12-14 00:52:45,047 INFO  [Log] X 
2015-12-14 00:52:45,047 INFO  [Log] X 
2015-12-14 00:52:45,047 INFO  [Log] X 
2015-12-14 00:52:45,047 INFO  [Log] X 
2015-12-14 00:55:20,202 INFO  [Log] **************************************************************************************** 
2015-12-14 00:55:20,203 INFO  [Log] **************************************************************************************** 
2015-12-14 00:55:20,203 INFO  [Log] $$$$$$$$$$$$$$$$$$$$$                 StepDefinitions       $$$$$$$$$$$$$$$$$$$$$$$$$ 
2015-12-14 00:55:20,203 INFO  [Log] **************************************************************************************** 
2015-12-14 00:55:20,203 INFO  [Log] **************************************************************************************** 
2015-12-14 00:55:35,340 INFO  [Log] Sign On link is found on the Home Page 
2015-12-14 00:55:36,196 INFO  [Log] UserName text box is found on the Home Page 
2015-12-14 00:55:36,279 INFO  [Log] Password text box is found on the Home Page 
2015-12-14 00:55:36,344 INFO  [Log] Sign In button is found on the Home Page 
2015-12-14 00:55:38,618 INFO  [Log] XXXXXXXXXXXXXXXXXXXXXXX             -E---N---D-             XXXXXXXXXXXXXXXXXXXXXX 
2015-12-14 00:55:38,619 INFO  [Log] X 
2015-12-14 00:55:38,619 INFO  [Log] X 
2015-12-14 00:55:38,619 INFO  [Log] X 
2015-12-14 00:55:38,619 INFO  [Log] X 
2015-12-14 00:55:38,837 INFO  [Log] **************************************************************************************** 
2015-12-14 00:55:38,837 INFO  [Log] **************************************************************************************** 
2015-12-14 00:55:38,837 INFO  [Log] $$$$$$$$$$$$$$$$$$$$$                 StepDefinitions       $$$$$$$$$$$$$$$$$$$$$$$$$ 
2015-12-14 00:55:38,837 INFO  [Log] **************************************************************************************** 
2015-12-14 00:55:38,837 INFO  [Log] **************************************************************************************** 
2015-12-14 00:55:49,817 INFO  [Log] Sign On link is found on the Home Page 
2015-12-14 00:55:50,737 INFO  [Log] UserName text box is found on the Home Page 
2015-12-14 00:55:50,795 INFO  [Log] Password text box is found on the Home Page 
2015-12-14 00:55:50,861 INFO  [Log] Sign In button is found on the Home Page 
2015-12-14 00:55:52,734 INFO  [Log] XXXXXXXXXXXXXXXXXXXXXXX             -E---N---D-             XXXXXXXXXXXXXXXXXXXXXX 
2015-12-14 00:55:52,734 INFO  [Log] X 
2015-12-14 00:55:52,734 INFO  [Log] X 
2015-12-14 00:55:52,734 INFO  [Log] X 
2015-12-14 00:55:52,735 INFO  [Log] X 
2015-12-14 00:57:17,338 INFO  [Log] **************************************************************************************** 
2015-12-14 00:57:17,339 INFO  [Log] **************************************************************************************** 
2015-12-14 00:57:17,339 INFO  [Log] $$$$$$$$$$$$$$$$$$$$$                 StepDefinitions       $$$$$$$$$$$$$$$$$$$$$$$$$ 
2015-12-14 00:57:17,339 INFO  [Log] **************************************************************************************** 
2015-12-14 00:57:17,339 INFO  [Log] **************************************************************************************** 
2015-12-14 00:57:29,194 INFO  [Log] Sign On link is found on the Home Page 
2015-12-14 00:57:30,155 INFO  [Log] UserName text box is found on the Home Page 
2015-12-14 00:57:30,229 INFO  [Log] Password text box is found on the Home Page 
2015-12-14 00:57:30,294 INFO  [Log] Sign In button is found on the Home Page 
2015-12-14 00:57:32,525 INFO  [Log] XXXXXXXXXXXXXXXXXXXXXXX             -E---N---D-             XXXXXXXXXXXXXXXXXXXXXX 
2015-12-14 00:57:32,525 INFO  [Log] X 
2015-12-14 00:57:32,526 INFO  [Log] X 
2015-12-14 00:57:32,526 INFO  [Log] X 
2015-12-14 00:57:32,526 INFO  [Log] X 
2015-12-14 00:57:32,685 INFO  [Log] **************************************************************************************** 
2015-12-14 00:57:32,685 INFO  [Log] **************************************************************************************** 
2015-12-14 00:57:32,685 INFO  [Log] $$$$$$$$$$$$$$$$$$$$$                 StepDefinitions       $$$$$$$$$$$$$$$$$$$$$$$$$ 
2015-12-14 00:57:32,685 INFO  [Log] **************************************************************************************** 
2015-12-14 00:57:32,685 INFO  [Log] **************************************************************************************** 
2015-12-14 00:57:40,284 INFO  [Log] Sign On link is found on the Home Page 
2015-12-14 00:57:41,234 INFO  [Log] UserName text box is found on the Home Page 
2015-12-14 00:57:41,334 INFO  [Log] Password text box is found on the Home Page 
2015-12-14 00:57:41,424 INFO  [Log] Sign In button is found on the Home Page 
2015-12-14 00:57:43,780 INFO  [Log] XXXXXXXXXXXXXXXXXXXXXXX             -E---N---D-             XXXXXXXXXXXXXXXXXXXXXX 
2015-12-14 00:57:43,780 INFO  [Log] X 
2015-12-14 00:57:43,780 INFO  [Log] X 
2015-12-14 00:57:43,780 INFO  [Log] X 
2015-12-14 00:57:43,780 INFO  [Log] X 
2015-12-14 01:00:00,660 INFO  [Log] **************************************************************************************** 
2015-12-14 01:00:00,662 INFO  [Log] **************************************************************************************** 
2015-12-14 01:00:00,660 INFO  [Log] **************************************************************************************** 
2015-12-14 01:00:00,662 INFO  [Log] **************************************************************************************** 
2015-12-14 01:00:00,662 INFO  [Log] $$$$$$$$$$$$$$$$$$$$$                 StepDefinitions       $$$$$$$$$$$$$$$$$$$$$$$$$ 
2015-12-14 01:00:00,662 INFO  [Log] **************************************************************************************** 
2015-12-14 01:00:00,662 INFO  [Log] **************************************************************************************** 
2015-12-14 01:00:00,662 INFO  [Log] $$$$$$$$$$$$$$$$$$$$$                 StepDefinitions       $$$$$$$$$$$$$$$$$$$$$$$$$ 
2015-12-14 01:00:00,662 INFO  [Log] **************************************************************************************** 
2015-12-14 01:00:00,662 INFO  [Log] **************************************************************************************** 
2015-12-14 01:00:18,479 INFO  [Log] XXXXXXXXXXXXXXXXXXXXXXX             -E---N---D-             XXXXXXXXXXXXXXXXXXXXXX 
2015-12-14 01:00:18,480 INFO  [Log] X 
2015-12-14 01:00:18,480 INFO  [Log] X 
2015-12-14 01:00:18,480 INFO  [Log] X 
2015-12-14 01:00:18,480 INFO  [Log] X 
2015-12-14 01:00:20,085 INFO  [Log] Sign On link is found on the Home Page 
2015-12-14 01:00:20,840 INFO  [Log] UserName text box is found on the Home Page 
2015-12-14 01:00:20,917 INFO  [Log] Password text box is found on the Home Page 
2015-12-14 01:00:20,971 INFO  [Log] Sign In button is found on the Home Page 
2015-12-14 01:00:23,115 INFO  [Log] XXXXXXXXXXXXXXXXXXXXXXX             -E---N---D-             XXXXXXXXXXXXXXXXXXXXXX 
2015-12-14 01:00:23,115 INFO  [Log] X 
2015-12-14 01:00:23,115 INFO  [Log] X 
2015-12-14 01:00:23,115 INFO  [Log] X 
2015-12-14 01:00:23,115 INFO  [Log] X 
2015-12-14 01:00:23,267 INFO  [Log] **************************************************************************************** 
2015-12-14 01:00:23,268 INFO  [Log] **************************************************************************************** 
2015-12-14 01:00:23,268 INFO  [Log] $$$$$$$$$$$$$$$$$$$$$                 StepDefinitions       $$$$$$$$$$$$$$$$$$$$$$$$$ 
2015-12-14 01:00:23,268 INFO  [Log] **************************************************************************************** 
2015-12-14 01:00:23,268 INFO  [Log] **************************************************************************************** 
2015-12-14 01:00:34,087 INFO  [Log] Sign On link is found on the Home Page 
2015-12-14 01:00:35,139 INFO  [Log] UserName text box is found on the Home Page 
2015-12-14 01:00:35,221 INFO  [Log] Password text box is found on the Home Page 
2015-12-14 01:00:35,305 INFO  [Log] Sign In button is found on the Home Page 
2015-12-14 01:00:37,111 INFO  [Log] XXXXXXXXXXXXXXXXXXXXXXX             -E---N---D-             XXXXXXXXXXXXXXXXXXXXXX 
2015-12-14 01:00:37,112 INFO  [Log] X 
2015-12-14 01:00:37,112 INFO  [Log] X 
2015-12-14 01:00:37,112 INFO  [Log] X 
2015-12-14 01:00:37,112 INFO  [Log] X 
2015-12-14 01:02:06,951 INFO  [Log] **************************************************************************************** 
2015-12-14 01:02:06,952 INFO  [Log] **************************************************************************************** 
2015-12-14 01:02:06,951 INFO  [Log] **************************************************************************************** 
2015-12-14 01:02:06,952 INFO  [Log] **************************************************************************************** 
2015-12-14 01:02:06,952 INFO  [Log] $$$$$$$$$$$$$$$$$$$$$                 StepDefinitions       $$$$$$$$$$$$$$$$$$$$$$$$$ 
2015-12-14 01:02:06,952 INFO  [Log] **************************************************************************************** 
2015-12-14 01:02:06,952 INFO  [Log] **************************************************************************************** 
2015-12-14 01:02:06,952 INFO  [Log] $$$$$$$$$$$$$$$$$$$$$                 StepDefinitions       $$$$$$$$$$$$$$$$$$$$$$$$$ 
2015-12-14 01:02:06,953 INFO  [Log] **************************************************************************************** 
2015-12-14 01:02:06,953 INFO  [Log] **************************************************************************************** 
2015-12-14 01:02:33,480 INFO  [Log] Sign On link is not found on the Home Page 
2015-12-14 01:02:33,564 INFO  [Log] XXXXXXXXXXXXXXXXXXXXXXX             -E---N---D-             XXXXXXXXXXXXXXXXXXXXXX 
2015-12-14 01:02:33,564 INFO  [Log] X 
2015-12-14 01:02:33,564 INFO  [Log] X 
2015-12-14 01:02:33,564 INFO  [Log] X 
2015-12-14 01:02:33,564 INFO  [Log] X 
2015-12-14 01:02:33,778 INFO  [Log] XXXXXXXXXXXXXXXXXXXXXXX             -E---N---D-             XXXXXXXXXXXXXXXXXXXXXX 
2015-12-14 01:02:33,779 INFO  [Log] X 
2015-12-14 01:02:33,779 INFO  [Log] X 
2015-12-14 01:02:33,779 INFO  [Log] X 
2015-12-14 01:02:33,779 INFO  [Log] X 
2015-12-14 01:02:33,992 INFO  [Log] **************************************************************************************** 
2015-12-14 01:02:33,992 INFO  [Log] **************************************************************************************** 
2015-12-14 01:02:33,992 INFO  [Log] $$$$$$$$$$$$$$$$$$$$$                 StepDefinitions       $$$$$$$$$$$$$$$$$$$$$$$$$ 
2015-12-14 01:02:33,992 INFO  [Log] **************************************************************************************** 
2015-12-14 01:02:33,992 INFO  [Log] **************************************************************************************** 
2015-12-14 01:02:44,778 INFO  [Log] Sign On link is found on the Home Page 
2015-12-14 01:02:45,571 INFO  [Log] UserName text box is found on the Home Page 
2015-12-14 01:02:45,634 INFO  [Log] Password text box is found on the Home Page 
2015-12-14 01:02:45,702 INFO  [Log] Sign In button is found on the Home Page 
2015-12-14 01:02:47,656 INFO  [Log] XXXXXXXXXXXXXXXXXXXXXXX             -E---N---D-             XXXXXXXXXXXXXXXXXXXXXX 
2015-12-14 01:02:47,656 INFO  [Log] X 
2015-12-14 01:02:47,656 INFO  [Log] X 
2015-12-14 01:02:47,656 INFO  [Log] X 
2015-12-14 01:02:47,656 INFO  [Log] X 
